<?xml version="1.0" encoding="UTF-8"?>
<testsuites>
<testsuite timestamp="2026-08-16T01:20:44" hostname="ad4a5e0f4805" package="properties_gp_cover_0" id="0" name="default" tests="2" errors="0" failures="1" time="0" skipped="2">
<properties>
<property name="os" value="Linux"/>
<property name="expect" value="PASS"/>
<property name="status" value="FAIL"/>
</properties>
<testcase classname="default" name="build execution" time="0">
<failure type="FAIL" message="Task returned status FAIL." />
</testcase>
<testcase classname="default" name="Property COVER in vacuous_mutex at properties.sv:20.7-20.30" time="0" type="COVER" location="properties.sv:20.7-20.30" id="gp_cover_0_0">
<skipped />
</testcase>
<testcase classname="default" name="Property COVER in vacuous_mutex at properties.sv:22.7-22.30" time="0" type="COVER" location="properties.sv:22.7-22.30" id="gp_cover_0_1">
<skipped />
</testcase>
<system-out>SBY  1:20:44 [/repo/fv_vacuous_mutex/properties_gp_cover_0] Removing directory '/repo/fv_vacuous_mutex/properties_gp_cover_0'.
SBY  1:20:44 [/repo/fv_vacuous_mutex/properties_gp_cover_0] Copy '/repo/fv_vacuous_mutex/generated.v' to '/repo/fv_vacuous_mutex/properties_gp_cover_0/src/generated.v'.
SBY  1:20:44 [/repo/fv_vacuous_mutex/properties_gp_cover_0] Copy '/repo/fv_vacuous_mutex/properties.sv' to '/repo/fv_vacuous_mutex/properties_gp_cover_0/src/properties.sv'.
SBY  1:20:44 [/repo/fv_vacuous_mutex/properties_gp_cover_0] engine_0: smtbmc z3
SBY  1:20:44 [/repo/fv_vacuous_mutex/properties_gp_cover_0] base: starting process &quot;cd /repo/fv_vacuous_mutex/properties_gp_cover_0/src; yosys -ql ../model/design.log ../model/design.ys&quot;
SBY  1:20:44 [/repo/fv_vacuous_mutex/properties_gp_cover_0] base: finished (returncode=0)
SBY  1:20:44 [/repo/fv_vacuous_mutex/properties_gp_cover_0] prep: starting process &quot;cd /repo/fv_vacuous_mutex/properties_gp_cover_0/model; yosys -ql design_prep.log design_prep.ys&quot;
SBY  1:20:44 [/repo/fv_vacuous_mutex/properties_gp_cover_0] prep: finished (returncode=0)
SBY  1:20:44 [/repo/fv_vacuous_mutex/properties_gp_cover_0] smt2: starting process &quot;cd /repo/fv_vacuous_mutex/properties_gp_cover_0/model; yosys -ql design_smt2.log design_smt2.ys&quot;
SBY  1:20:44 [/repo/fv_vacuous_mutex/properties_gp_cover_0] smt2: finished (returncode=0)
SBY  1:20:44 [/repo/fv_vacuous_mutex/properties_gp_cover_0] engine_0: starting process &quot;cd /repo/fv_vacuous_mutex/properties_gp_cover_0; yosys-smtbmc -s z3 --presat -c --noprogress -t 64  --append 0 --dump-vcd engine_0/trace%.vcd --dump-yw engine_0/trace%.yw --dump-vlogtb engine_0/trace%_tb.v --dump-smtc engine_0/trace%.smtc model/design_smt2.smt2&quot;
SBY  1:20:44 [/repo/fv_vacuous_mutex/properties_gp_cover_0] engine_0: ##   0:00:00  Solver: z3
SBY  1:20:44 [/repo/fv_vacuous_mutex/properties_gp_cover_0] engine_0: ##   0:00:00  Checking cover reachability in step 0..
SBY  1:20:44 [/repo/fv_vacuous_mutex/properties_gp_cover_0] engine_0: ##   0:00:00  Checking cover reachability in step 1..
SBY  1:20:44 [/repo/fv_vacuous_mutex/properties_gp_cover_0] engine_0: ##   0:00:00  Checking cover reachability in step 2..
SBY  1:20:44 [/repo/fv_vacuous_mutex/properties_gp_cover_0] engine_0: ##   0:00:00  Checking cover reachability in step 3..
SBY  1:20:44 [/repo/fv_vacuous_mutex/properties_gp_cover_0] engine_0: ##   0:00:00  Checking cover reachability in step 4..
SBY  1:20:44 [/repo/fv_vacuous_mutex/properties_gp_cover_0] engine_0: ##   0:00:00  Checking cover reachability in step 5..
SBY  1:20:44 [/repo/fv_vacuous_mutex/properties_gp_cover_0] engine_0: ##   0:00:00  Checking cover reachability in step 6..
SBY  1:20:44 [/repo/fv_vacuous_mutex/properties_gp_cover_0] engine_0: ##   0:00:00  Checking cover reachability in step 7..
SBY  1:20:44 [/repo/fv_vacuous_mutex/properties_gp_cover_0] engine_0: ##   0:00:00  Checking cover reachability in step 8..
SBY  1:20:44 [/repo/fv_vacuous_mutex/properties_gp_cover_0] engine_0: ##   0:00:00  Checking cover reachability in step 9..
SBY  1:20:44 [/repo/fv_vacuous_mutex/properties_gp_cover_0] engine_0: ##   0:00:00  Reached cover statement at gp_cover_0_0 in step 9.
SBY  1:20:44 [/repo/fv_vacuous_mutex/properties_gp_cover_0] engine_0: ##   0:00:00  Writing trace to VCD file: engine_0/trace0.vcd
SBY  1:20:44 [/repo/fv_vacuous_mutex/properties_gp_cover_0] engine_0: ##   0:00:00  Writing trace to Verilog testbench: engine_0/trace0_tb.v
SBY  1:20:44 [/repo/fv_vacuous_mutex/properties_gp_cover_0] engine_0: ##   0:00:00  Writing trace to constraints file: engine_0/trace0.smtc
SBY  1:20:44 [/repo/fv_vacuous_mutex/properties_gp_cover_0] engine_0: ##   0:00:00  Writing trace to Yosys witness file: engine_0/trace0.yw
SBY  1:20:44 [/repo/fv_vacuous_mutex/properties_gp_cover_0] engine_0: ##   0:00:00  Checking cover reachability in step 9..
SBY  1:20:44 [/repo/fv_vacuous_mutex/properties_gp_cover_0] engine_0: ##   0:00:00  Checking cover reachability in step 10..
SBY  1:20:44 [/repo/fv_vacuous_mutex/properties_gp_cover_0] engine_0: ##   0:00:00  Checking cover reachability in step 11..
SBY  1:20:44 [/repo/fv_vacuous_mutex/properties_gp_cover_0] engine_0: ##   0:00:00  Checking cover reachability in step 12..
SBY  1:20:44 [/repo/fv_vacuous_mutex/properties_gp_cover_0] engine_0: ##   0:00:00  Checking cover reachability in step 13..
SBY  1:20:44 [/repo/fv_vacuous_mutex/properties_gp_cover_0] engine_0: ##   0:00:00  Checking cover reachability in step 14..
SBY  1:20:44 [/repo/fv_vacuous_mutex/properties_gp_cover_0] engine_0: ##   0:00:00  Checking cover reachability in step 15..
SBY  1:20:44 [/repo/fv_vacuous_mutex/properties_gp_cover_0] engine_0: ##   0:00:00  Checking cover reachability in step 16..
SBY  1:20:44 [/repo/fv_vacuous_mutex/properties_gp_cover_0] engine_0: ##   0:00:00  Checking cover reachability in step 17..
SBY  1:20:44 [/repo/fv_vacuous_mutex/properties_gp_cover_0] engine_0: ##   0:00:00  Checking cover reachability in step 18..
SBY  1:20:44 [/repo/fv_vacuous_mutex/properties_gp_cover_0] engine_0: ##   0:00:00  Checking cover reachability in step 19..
SBY  1:20:44 [/repo/fv_vacuous_mutex/properties_gp_cover_0] engine_0: ##   0:00:00  Checking cover reachability in step 20..
SBY  1:20:44 [/repo/fv_vacuous_mutex/properties_gp_cover_0] engine_0: ##   0:00:00  Checking cover reachability in step 21..
SBY  1:20:44 [/repo/fv_vacuous_mutex/properties_gp_cover_0] engine_0: ##   0:00:00  Checking cover reachability in step 22..
SBY  1:20:44 [/repo/fv_vacuous_mutex/properties_gp_cover_0] engine_0: ##   0:00:00  Checking cover reachability in step 23..
SBY  1:20:44 [/repo/fv_vacuous_mutex/properties_gp_cover_0] engine_0: ##   0:00:00  Checking cover reachability in step 24..
SBY  1:20:44 [/repo/fv_vacuous_mutex/properties_gp_cover_0] engine_0: ##   0:00:00  Checking cover reachability in step 25..
SBY  1:20:44 [/repo/fv_vacuous_mutex/properties_gp_cover_0] engine_0: ##   0:00:00  Checking cover reachability in step 26..
SBY  1:20:44 [/repo/fv_vacuous_mutex/properties_gp_cover_0] engine_0: ##   0:00:00  Checking cover reachability in step 27..
SBY  1:20:44 [/repo/fv_vacuous_mutex/properties_gp_cover_0] engine_0: ##   0:00:00  Checking cover reachability in step 28..
SBY  1:20:44 [/repo/fv_vacuous_mutex/properties_gp_cover_0] engine_0: ##   0:00:00  Checking cover reachability in step 29..
SBY  1:20:44 [/repo/fv_vacuous_mutex/properties_gp_cover_0] engine_0: ##   0:00:00  Checking cover reachability in step 30..
SBY  1:20:44 [/repo/fv_vacuous_mutex/properties_gp_cover_0] engine_0: ##   0:00:00  Checking cover reachability in step 31..
SBY  1:20:44 [/repo/fv_vacuous_mutex/properties_gp_cover_0] engine_0: ##   0:00:00  Checking cover reachability in step 32..
SBY  1:20:44 [/repo/fv_vacuous_mutex/properties_gp_cover_0] engine_0: ##   0:00:00  Checking cover reachability in step 33..
SBY  1:20:44 [/repo/fv_vacuous_mutex/properties_gp_cover_0] engine_0: ##   0:00:00  Checking cover reachability in step 34..
SBY  1:20:44 [/repo/fv_vacuous_mutex/properties_gp_cover_0] engine_0: ##   0:00:00  Checking cover reachability in step 35..
SBY  1:20:44 [/repo/fv_vacuous_mutex/properties_gp_cover_0] engine_0: ##   0:00:00  Checking cover reachability in step 36..
SBY  1:20:44 [/repo/fv_vacuous_mutex/properties_gp_cover_0] engine_0: ##   0:00:00  Checking cover reachability in step 37..
SBY  1:20:44 [/repo/fv_vacuous_mutex/properties_gp_cover_0] engine_0: ##   0:00:00  Checking cover reachability in step 38..
SBY  1:20:44 [/repo/fv_vacuous_mutex/properties_gp_cover_0] engine_0: ##   0:00:00  Checking cover reachability in step 39..
SBY  1:20:44 [/repo/fv_vacuous_mutex/properties_gp_cover_0] engine_0: ##   0:00:00  Checking cover reachability in step 40..
SBY  1:20:44 [/repo/fv_vacuous_mutex/properties_gp_cover_0] engine_0: ##   0:00:00  Checking cover reachability in step 41..
SBY  1:20:44 [/repo/fv_vacuous_mutex/properties_gp_cover_0] engine_0: ##   0:00:00  Checking cover reachability in step 42..
SBY  1:20:44 [/repo/fv_vacuous_mutex/properties_gp_cover_0] engine_0: ##   0:00:00  Checking cover reachability in step 43..
SBY  1:20:44 [/repo/fv_vacuous_mutex/properties_gp_cover_0] engine_0: ##   0:00:00  Checking cover reachability in step 44..
SBY  1:20:44 [/repo/fv_vacuous_mutex/properties_gp_cover_0] engine_0: ##   0:00:00  Checking cover reachability in step 45..
SBY  1:20:44 [/repo/fv_vacuous_mutex/properties_gp_cover_0] engine_0: ##   0:00:00  Checking cover reachability in step 46..
SBY  1:20:44 [/repo/fv_vacuous_mutex/properties_gp_cover_0] engine_0: ##   0:00:00  Checking cover reachability in step 47..
SBY  1:20:44 [/repo/fv_vacuous_mutex/properties_gp_cover_0] engine_0: ##   0:00:00  Checking cover reachability in step 48..
SBY  1:20:44 [/repo/fv_vacuous_mutex/properties_gp_cover_0] engine_0: ##   0:00:00  Checking cover reachability in step 49..
SBY  1:20:44 [/repo/fv_vacuous_mutex/properties_gp_cover_0] engine_0: ##   0:00:00  Checking cover reachability in step 50..
SBY  1:20:44 [/repo/fv_vacuous_mutex/properties_gp_cover_0] engine_0: ##   0:00:00  Checking cover reachability in step 51..
SBY  1:20:44 [/repo/fv_vacuous_mutex/properties_gp_cover_0] engine_0: ##   0:00:00  Checking cover reachability in step 52..
SBY  1:20:44 [/repo/fv_vacuous_mutex/properties_gp_cover_0] engine_0: ##   0:00:00  Checking cover reachability in step 53..
SBY  1:20:44 [/repo/fv_vacuous_mutex/properties_gp_cover_0] engine_0: ##   0:00:00  Checking cover reachability in step 54..
SBY  1:20:44 [/repo/fv_vacuous_mutex/properties_gp_cover_0] engine_0: ##   0:00:00  Checking cover reachability in step 55..
SBY  1:20:44 [/repo/fv_vacuous_mutex/properties_gp_cover_0] engine_0: ##   0:00:00  Checking cover reachability in step 56..
SBY  1:20:44 [/repo/fv_vacuous_mutex/properties_gp_cover_0] engine_0: ##   0:00:00  Checking cover reachability in step 57..
SBY  1:20:44 [/repo/fv_vacuous_mutex/properties_gp_cover_0] engine_0: ##   0:00:00  Checking cover reachability in step 58..
SBY  1:20:44 [/repo/fv_vacuous_mutex/properties_gp_cover_0] engine_0: ##   0:00:00  Checking cover reachability in step 59..
SBY  1:20:44 [/repo/fv_vacuous_mutex/properties_gp_cover_0] engine_0: ##   0:00:00  Checking cover reachability in step 60..
SBY  1:20:44 [/repo/fv_vacuous_mutex/properties_gp_cover_0] engine_0: ##   0:00:00  Checking cover reachability in step 61..
SBY  1:20:44 [/repo/fv_vacuous_mutex/properties_gp_cover_0] engine_0: ##   0:00:00  Checking cover reachability in step 62..
SBY  1:20:44 [/repo/fv_vacuous_mutex/properties_gp_cover_0] engine_0: ##   0:00:00  Checking cover reachability in step 63..
SBY  1:20:44 [/repo/fv_vacuous_mutex/properties_gp_cover_0] engine_0: ##   0:00:00  Unreached cover statement at gp_cover_0_1.
SBY  1:20:44 [/repo/fv_vacuous_mutex/properties_gp_cover_0] engine_0: ##   0:00:00  Status: failed
SBY  1:20:44 [/repo/fv_vacuous_mutex/properties_gp_cover_0] engine_0: finished (returncode=1)
SBY  1:20:44 [/repo/fv_vacuous_mutex/properties_gp_cover_0] engine_0: Status returned by engine: FAIL
SBY  1:20:44 [/repo/fv_vacuous_mutex/properties_gp_cover_0] summary: Elapsed clock time [H:MM:SS (secs)]: 0:00:00 (0)
SBY  1:20:44 [/repo/fv_vacuous_mutex/properties_gp_cover_0] summary: Elapsed process time [H:MM:SS (secs)]: 0:00:00 (0)
SBY  1:20:44 [/repo/fv_vacuous_mutex/properties_gp_cover_0] summary: engine_0 (smtbmc z3) returned FAIL
SBY  1:20:44 [/repo/fv_vacuous_mutex/properties_gp_cover_0] DONE (FAIL, rc=2)
</system-out>
<system-err>
</system-err>
</testsuite>
</testsuites>
