<?xml version="1.0" encoding="UTF-8"?>
<testsuites>
<testsuite timestamp="2026-08-16T01:22:06" hostname="6f0cfbf3e03c" package="properties_gp_cover_0" id="0" name="default" tests="6" errors="0" failures="0" time="0" skipped="6">
<properties>
<property name="os" value="Linux"/>
<property name="expect" value="PASS"/>
<property name="status" value="PASS"/>
</properties>
<testcase classname="default" name="build execution" time="0">
</testcase>
<testcase classname="default" name="Property COVER in pelican at properties.sv:20.7-20.42" time="0" type="COVER" location="properties.sv:20.7-20.42" id="gp_cover_0_0">
<skipped />
</testcase>
<testcase classname="default" name="Property COVER in pelican at properties.sv:22.7-22.42" time="0" type="COVER" location="properties.sv:22.7-22.42" id="gp_cover_0_1">
<skipped />
</testcase>
<testcase classname="default" name="Property COVER in pelican at properties.sv:24.7-24.33" time="0" type="COVER" location="properties.sv:24.7-24.33" id="gp_cover_0_2">
<skipped />
</testcase>
<testcase classname="default" name="Property COVER in pelican at properties.sv:40.7-40.42" time="0" type="COVER" location="properties.sv:40.7-40.42" id="gp_cover_1_0">
<skipped />
</testcase>
<testcase classname="default" name="Property COVER in pelican at properties.sv:42.7-42.42" time="0" type="COVER" location="properties.sv:42.7-42.42" id="gp_cover_1_1">
<skipped />
</testcase>
<testcase classname="default" name="Property COVER in pelican at properties.sv:44.7-44.40" time="0" type="COVER" location="properties.sv:44.7-44.40" id="gp_cover_1_2">
<skipped />
</testcase>
<system-out>SBY  1:22:05 [/repo/pv/properties_gp_cover_0] Removing directory '/repo/pv/properties_gp_cover_0'.
SBY  1:22:05 [/repo/pv/properties_gp_cover_0] Copy '/repo/pv/generated.v' to '/repo/pv/properties_gp_cover_0/src/generated.v'.
SBY  1:22:05 [/repo/pv/properties_gp_cover_0] Copy '/repo/pv/properties.sv' to '/repo/pv/properties_gp_cover_0/src/properties.sv'.
SBY  1:22:05 [/repo/pv/properties_gp_cover_0] engine_0: smtbmc z3
SBY  1:22:05 [/repo/pv/properties_gp_cover_0] base: starting process &quot;cd /repo/pv/properties_gp_cover_0/src; yosys -ql ../model/design.log ../model/design.ys&quot;
SBY  1:22:05 [/repo/pv/properties_gp_cover_0] base: finished (returncode=0)
SBY  1:22:05 [/repo/pv/properties_gp_cover_0] prep: starting process &quot;cd /repo/pv/properties_gp_cover_0/model; yosys -ql design_prep.log design_prep.ys&quot;
SBY  1:22:05 [/repo/pv/properties_gp_cover_0] prep: finished (returncode=0)
SBY  1:22:05 [/repo/pv/properties_gp_cover_0] smt2: starting process &quot;cd /repo/pv/properties_gp_cover_0/model; yosys -ql design_smt2.log design_smt2.ys&quot;
SBY  1:22:05 [/repo/pv/properties_gp_cover_0] smt2: finished (returncode=0)
SBY  1:22:05 [/repo/pv/properties_gp_cover_0] engine_0: starting process &quot;cd /repo/pv/properties_gp_cover_0; yosys-smtbmc -s z3 --presat -c --noprogress -t 64  --append 0 --dump-vcd engine_0/trace%.vcd --dump-yw engine_0/trace%.yw --dump-vlogtb engine_0/trace%_tb.v --dump-smtc engine_0/trace%.smtc model/design_smt2.smt2&quot;
SBY  1:22:05 [/repo/pv/properties_gp_cover_0] engine_0: ##   0:00:00  Solver: z3
SBY  1:22:05 [/repo/pv/properties_gp_cover_0] engine_0: ##   0:00:00  Checking cover reachability in step 0..
SBY  1:22:06 [/repo/pv/properties_gp_cover_0] engine_0: ##   0:00:00  Checking cover reachability in step 1..
SBY  1:22:06 [/repo/pv/properties_gp_cover_0] engine_0: ##   0:00:00  Checking cover reachability in step 2..
SBY  1:22:06 [/repo/pv/properties_gp_cover_0] engine_0: ##   0:00:00  Checking cover reachability in step 3..
SBY  1:22:06 [/repo/pv/properties_gp_cover_0] engine_0: ##   0:00:00  Checking cover reachability in step 4..
SBY  1:22:06 [/repo/pv/properties_gp_cover_0] engine_0: ##   0:00:00  Checking cover reachability in step 5..
SBY  1:22:06 [/repo/pv/properties_gp_cover_0] engine_0: ##   0:00:00  Checking cover reachability in step 6..
SBY  1:22:06 [/repo/pv/properties_gp_cover_0] engine_0: ##   0:00:00  Checking cover reachability in step 7..
SBY  1:22:06 [/repo/pv/properties_gp_cover_0] engine_0: ##   0:00:00  Checking cover reachability in step 8..
SBY  1:22:06 [/repo/pv/properties_gp_cover_0] engine_0: ##   0:00:00  Reached cover statement at gp_cover_1_2 in step 8.
SBY  1:22:06 [/repo/pv/properties_gp_cover_0] engine_0: ##   0:00:00  Writing trace to VCD file: engine_0/trace0.vcd
SBY  1:22:06 [/repo/pv/properties_gp_cover_0] engine_0: ##   0:00:00  Writing trace to Verilog testbench: engine_0/trace0_tb.v
SBY  1:22:06 [/repo/pv/properties_gp_cover_0] engine_0: ##   0:00:00  Writing trace to constraints file: engine_0/trace0.smtc
SBY  1:22:06 [/repo/pv/properties_gp_cover_0] engine_0: ##   0:00:00  Writing trace to Yosys witness file: engine_0/trace0.yw
SBY  1:22:06 [/repo/pv/properties_gp_cover_0] engine_0: ##   0:00:00  Checking cover reachability in step 8..
SBY  1:22:06 [/repo/pv/properties_gp_cover_0] engine_0: ##   0:00:00  Checking cover reachability in step 9..
SBY  1:22:06 [/repo/pv/properties_gp_cover_0] engine_0: ##   0:00:00  Reached cover statement at gp_cover_0_2 in step 9.
SBY  1:22:06 [/repo/pv/properties_gp_cover_0] engine_0: ##   0:00:00  Writing trace to VCD file: engine_0/trace1.vcd
SBY  1:22:06 [/repo/pv/properties_gp_cover_0] engine_0: ##   0:00:00  Writing trace to Verilog testbench: engine_0/trace1_tb.v
SBY  1:22:06 [/repo/pv/properties_gp_cover_0] engine_0: ##   0:00:00  Writing trace to constraints file: engine_0/trace1.smtc
SBY  1:22:06 [/repo/pv/properties_gp_cover_0] engine_0: ##   0:00:00  Writing trace to Yosys witness file: engine_0/trace1.yw
SBY  1:22:06 [/repo/pv/properties_gp_cover_0] engine_0: ##   0:00:00  Checking cover reachability in step 9..
SBY  1:22:06 [/repo/pv/properties_gp_cover_0] engine_0: ##   0:00:00  Checking cover reachability in step 10..
SBY  1:22:06 [/repo/pv/properties_gp_cover_0] engine_0: ##   0:00:00  Checking cover reachability in step 11..
SBY  1:22:06 [/repo/pv/properties_gp_cover_0] engine_0: ##   0:00:00  Reached cover statement at gp_cover_1_1 in step 11.
SBY  1:22:06 [/repo/pv/properties_gp_cover_0] engine_0: ##   0:00:00  Reached cover statement at gp_cover_0_1 in step 11.
SBY  1:22:06 [/repo/pv/properties_gp_cover_0] engine_0: ##   0:00:00  Writing trace to VCD file: engine_0/trace2.vcd
SBY  1:22:06 [/repo/pv/properties_gp_cover_0] engine_0: ##   0:00:00  Writing trace to Verilog testbench: engine_0/trace2_tb.v
SBY  1:22:06 [/repo/pv/properties_gp_cover_0] engine_0: ##   0:00:00  Writing trace to constraints file: engine_0/trace2.smtc
SBY  1:22:06 [/repo/pv/properties_gp_cover_0] engine_0: ##   0:00:00  Writing trace to Yosys witness file: engine_0/trace2.yw
SBY  1:22:06 [/repo/pv/properties_gp_cover_0] engine_0: ##   0:00:00  Checking cover reachability in step 11..
SBY  1:22:06 [/repo/pv/properties_gp_cover_0] engine_0: ##   0:00:00  Checking cover reachability in step 12..
SBY  1:22:06 [/repo/pv/properties_gp_cover_0] engine_0: ##   0:00:00  Reached cover statement at gp_cover_1_0 in step 12.
SBY  1:22:06 [/repo/pv/properties_gp_cover_0] engine_0: ##   0:00:00  Reached cover statement at gp_cover_0_0 in step 12.
SBY  1:22:06 [/repo/pv/properties_gp_cover_0] engine_0: ##   0:00:00  Writing trace to VCD file: engine_0/trace3.vcd
SBY  1:22:06 [/repo/pv/properties_gp_cover_0] engine_0: ##   0:00:00  Writing trace to Verilog testbench: engine_0/trace3_tb.v
SBY  1:22:06 [/repo/pv/properties_gp_cover_0] engine_0: ##   0:00:00  Writing trace to constraints file: engine_0/trace3.smtc
SBY  1:22:06 [/repo/pv/properties_gp_cover_0] engine_0: ##   0:00:00  Writing trace to Yosys witness file: engine_0/trace3.yw
SBY  1:22:06 [/repo/pv/properties_gp_cover_0] engine_0: ##   0:00:00  Status: passed
SBY  1:22:06 [/repo/pv/properties_gp_cover_0] engine_0: finished (returncode=0)
SBY  1:22:06 [/repo/pv/properties_gp_cover_0] engine_0: Status returned by engine: pass
SBY  1:22:06 [/repo/pv/properties_gp_cover_0] summary: Elapsed clock time [H:MM:SS (secs)]: 0:00:00 (0)
SBY  1:22:06 [/repo/pv/properties_gp_cover_0] summary: Elapsed process time [H:MM:SS (secs)]: 0:00:00 (0)
SBY  1:22:06 [/repo/pv/properties_gp_cover_0] summary: engine_0 (smtbmc z3) returned pass
SBY  1:22:06 [/repo/pv/properties_gp_cover_0] summary: trace: /repo/pv/properties_gp_cover_0/engine_0/trace0.vcd
SBY  1:22:06 [/repo/pv/properties_gp_cover_0] summary: trace: /repo/pv/properties_gp_cover_0/engine_0/trace1.vcd
SBY  1:22:06 [/repo/pv/properties_gp_cover_0] summary: trace: /repo/pv/properties_gp_cover_0/engine_0/trace2.vcd
SBY  1:22:06 [/repo/pv/properties_gp_cover_0] summary: trace: /repo/pv/properties_gp_cover_0/engine_0/trace3.vcd
SBY  1:22:06 [/repo/pv/properties_gp_cover_0] DONE (PASS, rc=0)
</system-out>
<system-err>
</system-err>
</testsuite>
</testsuites>
